<?xml version="1.0" encoding="UTF-8"?>
<testsuite hostname="LM-SEA-00877773" name="reminderresourcetest.MongoDBTest" tests="4" failures="1" timestamp="15 Aug 2015 23:24:45 GMT" time="1.001" errors="0">
  <testcase name="addLogInUser" time="0.761" classname="reminderresourcetest.MongoDBTest"/>
  <testcase name="mappToJson" time="0.039" classname="reminderresourcetest.MongoDBTest"/>
  <testcase name="testDOIAPImp" time="0.15" classname="reminderresourcetest.MongoDBTest"/>
  <testcase name="upsertIntoDB" time="0.026" classname="reminderresourcetest.MongoDBTest">
    <failure type="com.fasterxml.jackson.databind.JsonMappingException" message="Can not deserialize instance of java.util.Date out of START_OBJECT token
 at [Source: { &amp;quot;_id&amp;quot; : { &amp;quot;$oid&amp;quot; : &amp;quot;55cfca3da1f79e3bb2e37444&amp;quot; }, &amp;quot;userId&amp;quot; : &amp;quot;test&amp;quot;, &amp;quot;eventId&amp;quot; : &amp;quot;TestMeEvent&amp;quot;, &amp;quot;eventTitle&amp;quot; : &amp;quot;TestMeEvent&amp;quot;, &amp;quot;eventCategory&amp;quot; : &amp;quot;WORK_EVENT&amp;quot;, &amp;quot;creatTime&amp;quot; : { &amp;quot;$numberLong&amp;quot; : &amp;quot;1439681085216&amp;quot; }, &amp;quot;deadLine&amp;quot; : { &amp;quot;$numberLong&amp;quot; : &amp;quot;1449861645216&amp;quot; }, &amp;quot;eventPriority&amp;quot; : &amp;quot;MUST_DONE_IN_TIME&amp;quot;, &amp;quot;postponeTime&amp;quot; : 0, &amp;quot;eventStatus&amp;quot; : &amp;quot;IN_PROCESS&amp;quot; }; line: 1, column: 158] (through reference chain: com.mojun.reminder.reminderdataobj.ReminderEvent[&amp;quot;creatTime&amp;quot;])">
      <![CDATA[com.fasterxml.jackson.databind.JsonMappingException: Can not deserialize instance of java.util.Date out of START_OBJECT token
 at [Source: { "_id" : { "$oid" : "55cfca3da1f79e3bb2e37444" }, "userId" : "test", "eventId" : "TestMeEvent", "eventTitle" : "TestMeEvent", "eventCategory" : "WORK_EVENT", "creatTime" : { "$numberLong" : "1439681085216" }, "deadLine" : { "$numberLong" : "1449861645216" }, "eventPriority" : "MUST_DONE_IN_TIME", "postponeTime" : 0, "eventStatus" : "IN_PROCESS" }; line: 1, column: 158] (through reference chain: com.mojun.reminder.reminderdataobj.ReminderEvent["creatTime"])
	at com.fasterxml.jackson.databind.JsonMappingException.from(JsonMappingException.java:148)
	at com.fasterxml.jackson.databind.DeserializationContext.mappingException(DeserializationContext.java:854)
	at com.fasterxml.jackson.databind.deser.std.StdDeserializer._parseDate(StdDeserializer.java:802)
	at com.fasterxml.jackson.databind.deser.std.DateDeserializers$DateBasedDeserializer._parseDate(DateDeserializers.java:175)
	at com.fasterxml.jackson.databind.deser.std.DateDeserializers$DateDeserializer.deserialize(DateDeserializers.java:261)
	at com.fasterxml.jackson.databind.deser.std.DateDeserializers$DateDeserializer.deserialize(DateDeserializers.java:245)
	at com.fasterxml.jackson.databind.deser.SettableBeanProperty.deserialize(SettableBeanProperty.java:520)
	at com.fasterxml.jackson.databind.deser.impl.MethodProperty.deserializeAndSet(MethodProperty.java:95)
	at com.fasterxml.jackson.databind.deser.BeanDeserializer.vanillaDeserialize(BeanDeserializer.java:256)
	at com.fasterxml.jackson.databind.deser.BeanDeserializer.deserialize(BeanDeserializer.java:125)
	at com.fasterxml.jackson.databind.ObjectMapper._readMapAndClose(ObjectMapper.java:3702)
	at com.fasterxml.jackson.databind.ObjectMapper.readValue(ObjectMapper.java:2714)
	at reminderresourcetest.MongoDBTest.upsertIntoDB(MongoDBTest.java:78)
	at sun.reflect.NativeMethodAccessorImpl.invoke0(Native Method)
	at sun.reflect.NativeMethodAccessorImpl.invoke(NativeMethodAccessorImpl.java:62)
	at sun.reflect.DelegatingMethodAccessorImpl.invoke(DelegatingMethodAccessorImpl.java:43)
	at java.lang.reflect.Method.invoke(Method.java:497)
	at org.testng.internal.MethodInvocationHelper.invokeMethod(MethodInvocationHelper.java:80)
	at org.testng.internal.Invoker.invokeMethod(Invoker.java:673)
	at org.testng.internal.Invoker.invokeTestMethod(Invoker.java:842)
	at org.testng.internal.Invoker.invokeTestMethods(Invoker.java:1166)
	at org.testng.internal.TestMethodWorker.invokeTestMethods(TestMethodWorker.java:125)
	at org.testng.internal.TestMethodWorker.run(TestMethodWorker.java:109)
	at org.testng.TestRunner.runWorkers(TestRunner.java:1178)
	at org.testng.TestRunner.privateRun(TestRunner.java:757)
	at org.testng.TestRunner.run(TestRunner.java:608)
	at org.testng.SuiteRunner.runTest(SuiteRunner.java:334)
	at org.testng.SuiteRunner.runSequentially(SuiteRunner.java:329)
	at org.testng.SuiteRunner.privateRun(SuiteRunner.java:291)
	at org.testng.SuiteRunner.run(SuiteRunner.java:240)
	at org.testng.SuiteRunnerWorker.runSuite(SuiteRunnerWorker.java:52)
	at org.testng.SuiteRunnerWorker.run(SuiteRunnerWorker.java:86)
	at org.testng.TestNG.runSuitesSequentially(TestNG.java:1158)
	at org.testng.TestNG.runSuitesLocally(TestNG.java:1083)
	at org.testng.TestNG.run(TestNG.java:999)
	at org.testng.remote.RemoteTestNG.run(RemoteTestNG.java:111)
	at org.testng.remote.RemoteTestNG.initAndRun(RemoteTestNG.java:203)
	at org.testng.remote.RemoteTestNG.main(RemoteTestNG.java:174)
]]>
    </failure>
  </testcase>
</testsuite>
