<?xml version="1.0" encoding="UTF-8"?>
<testng-results skipped="0" failed="0" total="1" passed="1">
  <reporter-output>
  </reporter-output>
  <suite name="Default suite" duration-ms="251" started-at="2015-08-09T15:56:20Z" finished-at="2015-08-09T15:56:21Z">
    <groups>
    </groups>
    <test name="Default test" duration-ms="251" started-at="2015-08-09T15:56:20Z" finished-at="2015-08-09T15:56:21Z">
      <class name="reminderresourcetest.MongoDBTest">
        <test-method status="PASS" signature="mappToJson()" name="mappToJson" duration-ms="233" started-at="2015-08-09T15:56:21Z" finished-at="2015-08-09T15:56:21Z">
        </test-method>
      </class>
    </test>
  </suite>
</testng-results>
